# JRE version: OpenJDK Runtime Environment Temurin-21.0.7+6 (21.0.7+6) (build 21.0.7+6-LTS)
# Java VM: OpenJDK 64-Bit Server VM Temurin-21.0.7+6 (21.0.7+6-LTS, mixed mode, sharing, tiered, compressed oops, compressed class ptrs, parallel gc, linux-amd64)
GC Precious Log:
 CardTable entry size: 512
 CPUs: 16 total, 12 available
 Memory: 7269M
 Large Page Support: Disabled
 NUMA Support: Disabled
 Compressed Oops: Enabled (32-bit)
 Alignments: Space 512K, Generation 512K, Heap 2M
 Heap Min Capacity: 100M
 Heap Initial Capacity: 100M
 Heap Max Capacity: 1G
 Pre-touch: Disabled
 Parallel Workers: 10
Heap:
 PSYoungGen      total 22016K, used 14511K [0x00000000eab00000, 0x00000000ec600000, 0x0000000100000000)
  eden space 20992K, 64% used [0x00000000eab00000,0x00000000eb82d288,0x00000000ebf80000)
  from space 1024K, 99% used [0x00000000ec400000,0x00000000ec4fea88,0x00000000ec500000)
  to   space 1024K, 0% used [0x00000000ec500000,0x00000000ec500000,0x00000000ec600000)
 ParOldGen       total 73216K, used 73012K [0x00000000c0000000, 0x00000000c4780000, 0x00000000eab00000)
  object space 73216K, 99% used [0x00000000c0000000,0x00000000c474d3a0,0x00000000c4780000)
 Metaspace       used 80487K, committed 82112K, reserved 1179648K
  class space    used 9548K, committed 10304K, reserved 1048576K
GC Heap History (20 events):
Event: 882.933 GC heap before
{Heap before GC invocations=63 (full 3):
 PSYoungGen      total 25600K, used 24096K [0x00000000eab00000, 0x00000000ec680000, 0x0000000100000000)
  eden space 22016K, 100% used [0x00000000eab00000,0x00000000ec080000,0x00000000ec080000)
  from space 3584K, 58% used [0x00000000ec080000,0x00000000ec288010,0x00000000ec400000)
  to   space 2560K, 0% used [0x00000000ec400000,0x00000000ec400000,0x00000000ec680000)
 ParOldGen       total 68608K, used 55408K [0x00000000c0000000, 0x00000000c4300000, 0x00000000eab00000)
  object space 68608K, 80% used [0x00000000c0000000,0x00000000c361c110,0x00000000c4300000)
 Metaspace       used 73713K, committed 75200K, reserved 1179648K
  class space    used 8919K, committed 9600K, reserved 1048576K
}
Event: 882.937 GC heap after
{Heap after GC invocations=63 (full 3):
 PSYoungGen      total 24576K, used 2434K [0x00000000eab00000, 0x00000000ec680000, 0x0000000100000000)
  eden space 22016K, 0% used [0x00000000eab00000,0x00000000eab00000,0x00000000ec080000)
  from space 2560K, 95% used [0x00000000ec400000,0x00000000ec660820,0x00000000ec680000)
  to   space 2560K, 0% used [0x00000000ec180000,0x00000000ec180000,0x00000000ec400000)
 ParOldGen       total 68608K, used 57312K [0x00000000c0000000, 0x00000000c4300000, 0x00000000eab00000)
  object space 68608K, 83% used [0x00000000c0000000,0x00000000c37f8110,0x00000000c4300000)
 Metaspace       used 73713K, committed 75200K, reserved 1179648K
  class space    used 8919K, committed 9600K, reserved 1048576K
}
Event: 882.998 GC heap before
{Heap before GC invocations=64 (full 3):
 PSYoungGen      total 24576K, used 24450K [0x00000000eab00000, 0x00000000ec680000, 0x0000000100000000)
  eden space 22016K, 100% used [0x00000000eab00000,0x00000000ec080000,0x00000000ec080000)
  from space 2560K, 95% used [0x00000000ec400000,0x00000000ec660820,0x00000000ec680000)
  to   space 2560K, 0% used [0x00000000ec180000,0x00000000ec180000,0x00000000ec400000)
 ParOldGen       total 68608K, used 57312K [0x00000000c0000000, 0x00000000c4300000, 0x00000000eab00000)
  object space 68608K, 83% used [0x00000000c0000000,0x00000000c37f8110,0x00000000c4300000)
 Metaspace       used 73715K, committed 75200K, reserved 1179648K
  class space    used 8919K, committed 9600K, reserved 1048576K
}
Event: 883.003 GC heap after
{Heap after GC invocations=64 (full 3):
 PSYoungGen      total 24576K, used 2208K [0x00000000eab00000, 0x00000000ec580000, 0x0000000100000000)
  eden space 22016K, 0% used [0x00000000eab00000,0x00000000eab00000,0x00000000ec080000)
  from space 2560K, 86% used [0x00000000ec180000,0x00000000ec3a8000,0x00000000ec400000)
  to   space 1536K, 0% used [0x00000000ec400000,0x00000000ec400000,0x00000000ec580000)
 ParOldGen       total 68608K, used 59630K [0x00000000c0000000, 0x00000000c4300000, 0x00000000eab00000)
  object space 68608K, 86% used [0x00000000c0000000,0x00000000c3a3ba40,0x00000000c4300000)
 Metaspace       used 73715K, committed 75200K, reserved 1179648K
  class space    used 8919K, committed 9600K, reserved 1048576K
}
Event: 883.053 GC heap before
{Heap before GC invocations=65 (full 3):
 PSYoungGen      total 24576K, used 24224K [0x00000000eab00000, 0x00000000ec580000, 0x0000000100000000)
  eden space 22016K, 100% used [0x00000000eab00000,0x00000000ec080000,0x00000000ec080000)
  from space 2560K, 86% used [0x00000000ec180000,0x00000000ec3a8000,0x00000000ec400000)
  to   space 1536K, 0% used [0x00000000ec400000,0x00000000ec400000,0x00000000ec580000)
 ParOldGen       total 68608K, used 59630K [0x00000000c0000000, 0x00000000c4300000, 0x00000000eab00000)
  object space 68608K, 86% used [0x00000000c0000000,0x00000000c3a3ba40,0x00000000c4300000)
 Metaspace       used 73724K, committed 75264K, reserved 1179648K
  class space    used 8919K, committed 9600K, reserved 1048576K
}
Event: 883.057 GC heap after
{Heap after GC invocations=65 (full 3):
 PSYoungGen      total 22528K, used 1508K [0x00000000eab00000, 0x00000000ec980000, 0x0000000100000000)
  eden space 20992K, 0% used [0x00000000eab00000,0x00000000eab00000,0x00000000ebf80000)
  from space 1536K, 98% used [0x00000000ec400000,0x00000000ec579000,0x00000000ec580000)
  to   space 4608K, 0% used [0x00000000ebf80000,0x00000000ebf80000,0x00000000ec400000)
 ParOldGen       total 68608K, used 62113K [0x00000000c0000000, 0x00000000c4300000, 0x00000000eab00000)
  object space 68608K, 90% used [0x00000000c0000000,0x00000000c3ca84d0,0x00000000c4300000)
 Metaspace       used 73724K, committed 75264K, reserved 1179648K
  class space    used 8919K, committed 9600K, reserved 1048576K
}
Event: 883.112 GC heap before
{Heap before GC invocations=66 (full 3):
 PSYoungGen      total 22528K, used 22500K [0x00000000eab00000, 0x00000000ec980000, 0x0000000100000000)
  eden space 20992K, 100% used [0x00000000eab00000,0x00000000ebf80000,0x00000000ebf80000)
  from space 1536K, 98% used [0x00000000ec400000,0x00000000ec579000,0x00000000ec580000)
  to   space 4608K, 0% used [0x00000000ebf80000,0x00000000ebf80000,0x00000000ec400000)
 ParOldGen       total 68608K, used 62113K [0x00000000c0000000, 0x00000000c4300000, 0x00000000eab00000)
  object space 68608K, 90% used [0x00000000c0000000,0x00000000c3ca84d0,0x00000000c4300000)
 Metaspace       used 73743K, committed 75264K, reserved 1179648K
  class space    used 8920K, committed 9600K, reserved 1048576K
}
Event: 883.117 GC heap after
{Heap after GC invocations=66 (full 3):
 PSYoungGen      total 23552K, used 2112K [0x00000000eab00000, 0x00000000ec580000, 0x0000000100000000)
  eden space 20992K, 0% used [0x00000000eab00000,0x00000000eab00000,0x00000000ebf80000)
  from space 2560K, 82% used [0x00000000ebf80000,0x00000000ec190010,0x00000000ec200000)
  to   space 3072K, 0% used [0x00000000ec280000,0x00000000ec280000,0x00000000ec580000)
 ParOldGen       total 68608K, used 63658K [0x00000000c0000000, 0x00000000c4300000, 0x00000000eab00000)
  object space 68608K, 92% used [0x00000000c0000000,0x00000000c3e2a9f8,0x00000000c4300000)
 Metaspace       used 73743K, committed 75264K, reserved 1179648K
  class space    used 8920K, committed 9600K, reserved 1048576K
}
Event: 883.189 GC heap before
{Heap before GC invocations=67 (full 3):
 PSYoungGen      total 23552K, used 23104K [0x00000000eab00000, 0x00000000ec580000, 0x0000000100000000)
  eden space 20992K, 100% used [0x00000000eab00000,0x00000000ebf80000,0x00000000ebf80000)
  from space 2560K, 82% used [0x00000000ebf80000,0x00000000ec190010,0x00000000ec200000)
  to   space 3072K, 0% used [0x00000000ec280000,0x00000000ec280000,0x00000000ec580000)
 ParOldGen       total 68608K, used 63658K [0x00000000c0000000, 0x00000000c4300000, 0x00000000eab00000)
  object space 68608K, 92% used [0x00000000c0000000,0x00000000c3e2a9f8,0x00000000c4300000)
 Metaspace       used 73784K, committed 75264K, reserved 1179648K
  class space    used 8922K, committed 9600K, reserved 1048576K
}
Event: 883.194 GC heap after
{Heap after GC invocations=67 (full 3):
 PSYoungGen      total 23040K, used 1856K [0x00000000eab00000, 0x00000000ec480000, 0x0000000100000000)
  eden space 20992K, 0% used [0x00000000eab00000,0x00000000eab00000,0x00000000ebf80000)
  from space 2048K, 90% used [0x00000000ec280000,0x00000000ec450000,0x00000000ec480000)
  to   space 2560K, 0% used [0x00000000ebf80000,0x00000000ebf80000,0x00000000ec200000)
 ParOldGen       total 68608K, used 65658K [0x00000000c0000000, 0x00000000c4300000, 0x00000000eab00000)
  object space 68608K, 95% used [0x00000000c0000000,0x00000000c401ea08,0x00000000c4300000)
 Metaspace       used 73784K, committed 75264K, reserved 1179648K
  class space    used 8922K, committed 9600K, reserved 1048576K
}
Event: 883.330 GC heap before
{Heap before GC invocations=68 (full 3):
 PSYoungGen      total 23040K, used 22848K [0x00000000eab00000, 0x00000000ec480000, 0x0000000100000000)
  eden space 20992K, 100% used [0x00000000eab00000,0x00000000ebf80000,0x00000000ebf80000)
  from space 2048K, 90% used [0x00000000ec280000,0x00000000ec450000,0x00000000ec480000)
  to   space 2560K, 0% used [0x00000000ebf80000,0x00000000ebf80000,0x00000000ec200000)
 ParOldGen       total 68608K, used 65658K [0x00000000c0000000, 0x00000000c4300000, 0x00000000eab00000)
  object space 68608K, 95% used [0x00000000c0000000,0x00000000c401ea08,0x00000000c4300000)
 Metaspace       used 74823K, committed 76352K, reserved 1179648K
  class space    used 8995K, committed 9664K, reserved 1048576K
}
Event: 883.335 GC heap after
{Heap after GC invocations=68 (full 3):
 PSYoungGen      total 23552K, used 2544K [0x00000000eab00000, 0x00000000ecd80000, 0x0000000100000000)
  eden space 20992K, 0% used [0x00000000eab00000,0x00000000eab00000,0x00000000ebf80000)
  from space 2560K, 99% used [0x00000000ebf80000,0x00000000ec1fc030,0x00000000ec200000)
  to   space 7168K, 0% used [0x00000000ec680000,0x00000000ec680000,0x00000000ecd80000)
 ParOldGen       total 69632K, used 69124K [0x00000000c0000000, 0x00000000c4400000, 0x00000000eab00000)
  object space 69632K, 99% used [0x00000000c0000000,0x00000000c4381190,0x00000000c4400000)
 Metaspace       used 74823K, committed 76352K, reserved 1179648K
  class space    used 8995K, committed 9664K, reserved 1048576K
}
Event: 883.404 GC heap before
{Heap before GC invocations=69 (full 3):
 PSYoungGen      total 23552K, used 23536K [0x00000000eab00000, 0x00000000ecd80000, 0x0000000100000000)
  eden space 20992K, 100% used [0x00000000eab00000,0x00000000ebf80000,0x00000000ebf80000)
  from space 2560K, 99% used [0x00000000ebf80000,0x00000000ec1fc030,0x00000000ec200000)
  to   space 7168K, 0% used [0x00000000ec680000,0x00000000ec680000,0x00000000ecd80000)
 ParOldGen       total 69632K, used 69124K [0x00000000c0000000, 0x00000000c4400000, 0x00000000eab00000)
  object space 69632K, 99% used [0x00000000c0000000,0x00000000c4381190,0x00000000c4400000)
 Metaspace       used 75300K, committed 76864K, reserved 1179648K
  class space    used 9048K, committed 9728K, reserved 1048576K
}
Event: 883.408 GC heap after
{Heap after GC invocations=69 (full 3):
 PSYoungGen      total 23040K, used 1943K [0x00000000eab00000, 0x00000000ec880000, 0x0000000100000000)
  eden space 20992K, 0% used [0x00000000eab00000,0x00000000eab00000,0x00000000ebf80000)
  from space 2048K, 94% used [0x00000000ec680000,0x00000000ec865e18,0x00000000ec880000)
  to   space 3584K, 0% used [0x00000000ec180000,0x00000000ec180000,0x00000000ec500000)
 ParOldGen       total 72192K, used 71695K [0x00000000c0000000, 0x00000000c4680000, 0x00000000eab00000)
  object space 72192K, 99% used [0x00000000c0000000,0x00000000c4603e90,0x00000000c4680000)
 Metaspace       used 75300K, committed 76864K, reserved 1179648K
  class space    used 9048K, committed 9728K, reserved 1048576K
}
Event: 883.455 GC heap before
{Heap before GC invocations=70 (full 3):
 PSYoungGen      total 23040K, used 22935K [0x00000000eab00000, 0x00000000ec880000, 0x0000000100000000)
  eden space 20992K, 100% used [0x00000000eab00000,0x00000000ebf80000,0x00000000ebf80000)
  from space 2048K, 94% used [0x00000000ec680000,0x00000000ec865e18,0x00000000ec880000)
  to   space 3584K, 0% used [0x00000000ec180000,0x00000000ec180000,0x00000000ec500000)
 ParOldGen       total 72192K, used 71695K [0x00000000c0000000, 0x00000000c4680000, 0x00000000eab00000)
  object space 72192K, 99% used [0x00000000c0000000,0x00000000c4603e90,0x00000000c4680000)
 Metaspace       used 76036K, committed 77568K, reserved 1179648K
  class space    used 9108K, committed 9792K, reserved 1048576K
}
Event: 883.456 GC heap after
{Heap after GC invocations=70 (full 3):
 PSYoungGen      total 24576K, used 320K [0x00000000eab00000, 0x00000000ec700000, 0x0000000100000000)
  eden space 20992K, 0% used [0x00000000eab00000,0x00000000eab00000,0x00000000ebf80000)
  from space 3584K, 8% used [0x00000000ec180000,0x00000000ec1d0000,0x00000000ec500000)
  to   space 1536K, 0% used [0x00000000ec580000,0x00000000ec580000,0x00000000ec700000)
 ParOldGen       total 72192K, used 71847K [0x00000000c0000000, 0x00000000c4680000, 0x00000000eab00000)
  object space 72192K, 99% used [0x00000000c0000000,0x00000000c4629e90,0x00000000c4680000)
 Metaspace       used 76036K, committed 77568K, reserved 1179648K
  class space    used 9108K, committed 9792K, reserved 1048576K
}
Event: 883.557 GC heap before
{Heap before GC invocations=71 (full 3):
 PSYoungGen      total 24576K, used 21312K [0x00000000eab00000, 0x00000000ec700000, 0x0000000100000000)
  eden space 20992K, 100% used [0x00000000eab00000,0x00000000ebf80000,0x00000000ebf80000)
  from space 3584K, 8% used [0x00000000ec180000,0x00000000ec1d0000,0x00000000ec500000)
  to   space 1536K, 0% used [0x00000000ec580000,0x00000000ec580000,0x00000000ec700000)
 ParOldGen       total 72192K, used 71847K [0x00000000c0000000, 0x00000000c4680000, 0x00000000eab00000)
  object space 72192K, 99% used [0x00000000c0000000,0x00000000c4629e90,0x00000000c4680000)
 Metaspace       used 77416K, committed 78912K, reserved 1179648K
  class space    used 9250K, committed 9920K, reserved 1048576K
}
Event: 883.558 GC heap after
{Heap after GC invocations=71 (full 3):
 PSYoungGen      total 21504K, used 512K [0x00000000eab00000, 0x00000000ec600000, 0x0000000100000000)
  eden space 20992K, 0% used [0x00000000eab00000,0x00000000eab00000,0x00000000ebf80000)
  from space 512K, 100% used [0x00000000ec580000,0x00000000ec600000,0x00000000ec600000)
  to   space 1024K, 0% used [0x00000000ec400000,0x00000000ec400000,0x00000000ec500000)
 ParOldGen       total 72192K, used 71887K [0x00000000c0000000, 0x00000000c4680000, 0x00000000eab00000)
  object space 72192K, 99% used [0x00000000c0000000,0x00000000c4633e90,0x00000000c4680000)
 Metaspace       used 77416K, committed 78912K, reserved 1179648K
  class space    used 9250K, committed 9920K, reserved 1048576K
}
Event: 883.869 GC heap before
{Heap before GC invocations=72 (full 3):
 PSYoungGen      total 21504K, used 21504K [0x00000000eab00000, 0x00000000ec600000, 0x0000000100000000)
  eden space 20992K, 100% used [0x00000000eab00000,0x00000000ebf80000,0x00000000ebf80000)
  from space 512K, 100% used [0x00000000ec580000,0x00000000ec600000,0x00000000ec600000)
  to   space 1024K, 0% used [0x00000000ec400000,0x00000000ec400000,0x00000000ec500000)
 ParOldGen       total 72192K, used 71887K [0x00000000c0000000, 0x00000000c4680000, 0x00000000eab00000)
  object space 72192K, 99% used [0x00000000c0000000,0x00000000c4633e90,0x00000000c4680000)
 Metaspace       used 79363K, committed 80768K, reserved 1179648K
  class space    used 9425K, committed 10048K, reserved 1048576K
}
Event: 883.871 GC heap after
{Heap after GC invocations=72 (full 3):
 PSYoungGen      total 22016K, used 1018K [0x00000000eab00000, 0x00000000ec600000, 0x0000000100000000)
  eden space 20992K, 0% used [0x00000000eab00000,0x00000000eab00000,0x00000000ebf80000)
  from space 1024K, 99% used [0x00000000ec400000,0x00000000ec4fea88,0x00000000ec500000)
  to   space 1024K, 0% used [0x00000000ec500000,0x00000000ec500000,0x00000000ec600000)
 ParOldGen       total 73216K, used 73012K [0x00000000c0000000, 0x00000000c4780000, 0x00000000eab00000)
  object space 73216K, 99% used [0x00000000c0000000,0x00000000c474d3a0,0x00000000c4780000)
 Metaspace       used 79363K, committed 80768K, reserved 1179648K
  class space    used 9425K, committed 10048K, reserved 1048576K
}

